<?xml version="1.0" encoding="UTF-8"?>
<robot generator="Robot 3.1a2 (Python 3.7.1 on win32)" generated="20181105 20:54:32.180" rpa="true">
<suite id="s1" name="Notepad Tasks Test" source="E:\robotframework-notepad\Notepad_Tasks_Test.Robot">
<test id="s1-t1" name="launch notepad">
<kw name="Write To Notepad" library="notepad">
<arguments>
<arg>This is a america</arg>
<arg>test</arg>
</arguments>
<status status="PASS" starttime="20181105 20:54:34.481" endtime="20181105 20:54:37.190"></status>
</kw>
<status status="PASS" starttime="20181105 20:54:34.479" endtime="20181105 20:54:37.191" critical="yes"></status>
</test>
<status status="PASS" starttime="20181105 20:54:32.184" endtime="20181105 20:54:37.194"></status>
</suite>
<statistics>
<total>
<stat pass="1" fail="0">Critical Tasks</stat>
<stat pass="1" fail="0">All Tasks</stat>
</total>
<tag>
</tag>
<suite>
<stat pass="1" fail="0" id="s1" name="Notepad Tasks Test">Notepad Tasks Test</stat>
</suite>
</statistics>
<errors>
</errors>
</robot>
